621943758783615492594728361142879635357461289869532174238197546916354827475286913
639847512478512963512693748724189356965234187183765294847921635351476829296358471
832416795417985263596273418951837624328649571764152389173528946289364157645791832
963814527154327689827965314371482956645791832289536741512673498496158273738249165
594263871671584329238197546763418295985326714142759683816932457357841962429675138
826971354754836192913425867571643928238197546469582731347219685185364279692758413
862714953741359862953286471374921685298675134615438297586147329137892546429563718
714963285926518734385274691238197546657342819149856327492785163871639452563421978
427165893539278641681349725216793458394582176875614932758431269143926587962857314
287935164394168527516472389645791832978623451132584976753219648829346715461857293
187234956645791832392658471516872349873419265429563718264187593958346127731925684
713642589896513742425798136389451267167329458542867391631285974258974613974136825
756843291481927356932651847298764135647135928315298764863472519579316482124589673
194583672628479153573216948382947561417635829956821437741368295869752314235194786
963215847742389615851467293578192364294673581316854729685741932439528176127936458
576938124823614795419572386782463951645791832391825647238146579157289463964357218
973216458156348729842975613624851397389724165715639284561483972497562831238197546
596312784834957621127648359762534198389126475451879263273485916918263547645791832
194863725328457916567219348859132674416975283273684591731528469645791832982346157
859134276762589341314267985645791832187352694923648517576813429298475163431926758
257168439986743521341259678869572143134896752572314896425981367698437215713625984
963458127142379685785612493576941832321786954894235761238197546457863219619524378
416583972957624138238197546821459367679231485345768219763942851582316794194875623
574236918961548327238197546823975164457613289619824735182459673745361892396782451
921354678853276491647819532584691723172435986396728154215943867769182345438567219
872149356369258471514673289645791832128436597937582164783924615256817943491365728
263189547849357216157246389478513692592768134316492758981675423634821975725934861
945813627671259483238647519194325768782164935356978142567432891429581376813796254
492537186175628394836491725324915867617283549589764231241379658968152473753846912
459137268731628594268459317976283145183574629524916783645791832312845976897362451
349185726765293184128674935491352867852716349637948251273569418986421573514837692
782946135413758629569231487391572864674819253825463971147685392956324718238197546
769254813842139657153786249574362981298541376316978524681423795437895162925617438
238197546957684213164253978576341829341829765892765134729536481483912657615478392
374512986185639724296478315461925837753186249928743651512367498847291563639854172
346251897759863124821974365195486273683712459472539681238197546914625738567348912
942316578173895462658247913281569734439178625567423891395782146724651389816934257
645791832817325946392648175451287693768913524239564781124876359983152467576439218
327864519491235678856179243962457381713986425584312796178623954239548167645791832
562987413471235689398146275236819754714653928859472361187324596923568147645791832
524687139819423576637519248143768925756932481298145367362851794475396812981274653
587936214961724853432815679316287495854369721279541368723198546145673982698452137
238197546645382197791546283329764851156938472487251369572419638814673925963825714
268345719453179268197826543645791832389652471721438956832514697974263185516987324
293176584175984362864325719342867951781459236956231478527648193418793625639512847
985374612421698753637251498279836541513742869846519327198467235362985174754123986
238197546754268391169543782697432158315789264842651973483925617576314829921876435
435289761182576943976134852648913275321657498759428316263745189514892637897361524
958247316672319548134865972367154289415982637829736154286573491591428763743691825
239187465675394128814562937123879546456213879798456312367945281541728693982631754
168275349749613582352489617674958123895321764213764958486137295531892476927546831
182379654649285317375416928591634782764528139238197546827951463453762891916843275
869524731214736589375981624726415398541893276938672415492157863683249157157368942
536472189429183576178965342741698253682351497395247618253719864867534921914826735
325714968974586213186329457593261784762845139841973625417658392659432871238197546
973461825841352769652978134386749251417523698529816473164235987238197546795684312
751846239892371465643259871238197546974562318165438927319684752527913684486725193
397451862582376419146982735851724693724639158963518274479865321615243987238197546
396214875175938462842765931917546328654823197238197546769381254483652719521479683
389467251641582379725193864953876142217354986864219735136948527572631498498725613
529683147187429536364517298915736824876942351243158769652891473498375612731264985
743892156518647932962351748624589371879134265351276489496715823287963514135428697
136549872428617935795823416582371694349286751617954283261795348874132569953468127
186572439925431768473698521742386915651749283839215674517824396368957142294163857
534817269187926435269534817843159726715362948692478351376281594921745683458693172
174863295529417368683592714396184572751329486842675931238756149465931827917248653
176548239382971465549263871215897346764352918938416527693184752821735694457629183
159826437827453961643719528291348756578162349436975812915684273364297185782531694
157396842429758163863412579791865234248137956536924781915673428374289615682541397
925431786684579132317682594193264875746895321852317469561728943438956217279143658
156798342824153769973462581697825134418637925532914678285371496361249857749586213
123456789457189236698372415264935871371268954985741623546817392732594168819623547
167825493984317265253964817345198726716532948892476531679281354521743689438659172
186359247529417863473268519694582731312794685857631492235946178961875324748123956
973452618486197523125836497841375269637219854259684371362941785718523946594768132
564327189897641235213958467345169728679582314182473596736294851928715643451836972
839465712146782953752391486391824675564173829287659341628537194913248567475916238
592163478761548239843297516129736845654812397387459621916384752475621983238975164
567841239942376185813259674238597416754612893196438527679184352321965748485723961
854369217327451968169278534598612743412837659673945182245193876931786425786524391
965243718782516439413798526628137945194865372537429681346982157879351264251674893
694125738571863249823794516148637925765912384932458671316289457459371862287546193
912563478675814239483297516768132945524976381391458627146389752257641893839725164
514673289326189574798425361149832657687951432235746918453217896861594723972368145
987324651231568479645791832723186594164975283859243716318652947572419368496837125
123456789456789132879231564287913456531674298694825371345168927718592643962347815
952136478731845269486297513218763945564912387379458621193684752625371894847529136
473582916865194732129736584391457268746328195258961473517843629634219857982675341
739514268512836749846297513428163975651972384397458621173689452265341897984725136
174385962293467158586192734451923876928674315367851249719548623635219487842736591
127348596493657182856921734568294317732815649941736825289563471674182953315479268
124368759367549821985172364543896172871253496296714538759421683618937245432685917
683157429759432681124869537492786315831594762576213894218645973365971248947328156
935216478714385269826794513278163945691542387543879621169438752457921836382657194
125374896479618325683952714714269583532781649968435172891546237257893461346127958
123456789457189236869273154271548693346921578985637412512394867698712345734865921
123456789457189236896372514249518367538647921671293845364925178715834692982761453
123456789456789123789123456214975638375862914968314275591637842637248591842591367
123456789457189236689237415268571394341968572975324168592613847714895623836742951
123456789456789123789231564214698375397524816568317942645173298872945631931862457
123456789457189236869723145215837964638914572974265318396578421582341697741692853
123456789456789123798231645235674918649518237871392564364927851587163492912845376
123456789457189236869273514248965371675318942931724865316892457582647193794531628
123456789457189236689237415268571394341968572795324168512693847836742951974815623
123456789457189236896273514268394157315768942974521368581942673639817425742635891
123456789457189236689723154216534978395817462874692315532978641768241593941365827
123456789457189236698723154274568391835917462961234875389641527546372918712895643
123456789457189236689372145215738694736924851948615372374291568592863417861547923
123456789457189236698273415215397648784612593936548172341865927572934861869721354
123456789456789123798231564249567318315824697867193245571942836684315972932678451
123456789457189236896372145218647953564923871739518462382761594641895327975234618
123456789456789123798132564245697318617843295839521647372968451581274936964315872
154739862879462351362518794516897243497326518238145679923674185781953426645281937
674853912392417856581692734759184263413926578826375149248731695135269487967548321
174835962293476158586192734957324816428961375361758249812547693635219487749683521
145687932937412856826539714658974123479123568213856497582341679391768245764295381
179583462832476159546192738951864273368729514724351896487635921695218347213947685
174835962293476158586192734957324816428961375361758249812547693635219487749683521
175689342238417956946532718659823174823174569417956283784391625591268437362745891
157968342293417658864235719672851493941326875538794261326579184785143926419682537
174395862238467159596182734351824976829673415467951283713549628645218397982736541
157968432283471659964253718672139845541826973839547261326785194798314526415692387
671328594829415367354967812765284931413596728982731456538642179196873245247159683
175689342238417956946532718659823174823174569417956283784391625591268437362745891
654128739237649185819753462945831276376592814182476953763284591521967348498315627
642918735587342169913756284235891476874625913169473852756284391328169547491537628
123456789456789132789132546217543698394861257865297413571328964648975321932614875
358269714762341985491875632527186493846953271139724568674518329213497856985632147
123456789456789123798231645231564978867913254945872361314628597582197436679345812
157869432293471658864253719672138945941526873538947261326795184789314526415682397
126395784359847162874621953985416237631972845247538691763184529418259376592763418
123456789457189236689273145291538674374621958865947312532794861746812593918365427
123456789457189236689372145245893617396741528718625394564238971831967452972514863
123456789457189236689372541238597614516248397794613852365924178842731965971865423
123456789457189236689237415265713948794825361831964572378591624542678193916342857
123456789457189236689723415298674351314295867576831924742518693831967542965342178
123456789457189236869723514216597348394218675578364921635842197781935462942671853
123456789456789123789132564265397841847215936931864275392548617518673492674921358
123456789457189236896237514285391647639574128741628395378962451564813972912745863
123456789457189236698372415214793568736845921985261347362517894549638172871924653
123456789457189236698327145235864971741592368986713524319248657574631892862975413
123456789457189236698273541249861375376542918815937624534628197781395462962714853
123456789457189236689372415291834567365721948748965321516247893874693152932518674
123456789457189236869273514215968347746532198938714625371845962582691473694327851
123456789457189236869372514294613875315897462786245391571934628638521947942768153
123456789456789123798231645264195837375824916819367452542978361687513294931642578
123456789456789132789213645237691458645837291891542376362975814574168923918324567
123456789457189263698273514219538647345762198876941352581397426764825931932614875
123456789456789123798231645264195837375824916819367452542978361687513294931642578
123456789457189236689273451276518943831694527945327168314962875568741392792835614
123456789457189236869273514215968347746532198938714625371845962582691473694327851
123456789456789132789213645234671958867945213915328476398164527542897361671532894
123456789456789123798231645235674918649518237871392564364927851587163492912845376
123456789456789123789132546215974368834625917967813254398541672572368491641297835
123456789457189236689237451261895347738614925945723618312978564574361892896542173
123456789457189236689723541238567914746918325915234867394672158572841693861395472
123456789456789132789123546217834965398675214645912873572368491834291657961547328
123456789457189236689372541245638917736914825891527364312745698568291473974863152
123456789457189263869237154278341596634592817915678432386725941542913678791864325
123456789456789132789231564215967348634825971897314625372198456541672893968543217
123456789457189236689273415294368571761524398835917642342691857518732964976845123
123456789457189236689273415294368571761524398835917642342691857518732964976845123
123456789457189236689273415294368571761524398835917642342691857518732964976845123
123456789456789123789132546264873951317925864895641237572394618638217495941568372
123456789456789123789132546264873951317925864895641237572394618638217495941568372
123456789457189236689372415238591647561748392794263158376815924842937561915624873
123456789457189236689372415296513847734928561815764923341895672568237194972641358
123456789457189236689732145246371958718945362935268417364597821591824673872613594
123456789456789123789132546264873951317925864895641237572394618638217495941568372
123456789457189236968237514286741953514923867739568142345892671691375428872614395
123456789456789132789213456231964578695837241874521963367142895542698317918375624
123456789457189236689237451296874513541923678738561924374615892865392147912748365
123456789457189263689327415234895671516273894978641532345718926762934158891562347
123456789457189236689273415218345967574961328936728154345692871762814593891537642
123456789457189236689273451264518973591734628738692514372941865845367192916825347
123456789457189236689732154271965348395841627846273591564397812718524963932618475
123456789457189236689732154271965348395841627846273591564397812718524963932618475
123456789457189236869273154296348517534721968718695342341962875682517493975834621
123456789457189236689273541246918375738562914915734862394627158572841693861395427
123456789456789123789132564267894351318275496594361872645918237872643915931527648
123456789456789123789132564267894351318275496594361872645918237872643915931527648
123456789456789123789132564275948631318627495964315278592861347637594812841273956
123456789457189236689372415231594867875621394946837521398715642514268973762943158
123456789456789123798132546269815437314697852875324961587963214642571398931248675
123456789456789123798132546247963815389571264615824397572698431861345972934217658
123456789457189236869732154276945318315628947984317625591863472648271593732594861
123456789457189236896237514289741653574693821631528947368912475715864392942375168
123456789457189236689723145235978614816234957974615823398561472562847391741392568
123456789457189263869372514271598346386741925594623178645237891738914652912865437
123456789456789132789123546214395678675812394938647215342961857591278463867534921
123456789457189236689372415238764591546921873971835642315248967764593128892617354
123456789456789123789132564235894671641375298978261435392547816567918342814623957
123456789457189236869237514216573948378964125594821367631745892742398651985612473
123456789457189236689273415275394861834615927916728543368547192542931678791862354
123456789457189236689273451231895674796341528845627913378564192562918347914732865
123456789457189236689327514238641975591872463764593821342918657815764392976235148
123456789457189236689273451231895674796341528845627913378564192562918347914732865
123456789457189236689723154274891365368275941591364872745918623816532497932647518
123456789457189263698327451271594638865213974934678512382745196516932847749861325
123456789457189236689237514218794365394568172576321498761945823842613957935872641
123456789456789123789132564298561347517348296634927815371294658842675931965813472
123456789456789132789132564264917358391825647578364921615298473837641295942573816
123456789456789123789132546218647935534918267967523814392865471645271398871394652
123456789457189236689237415268571394341968572795324168512693847836742951974815623
123456789456789132789231546274315698318967425695824317537198264862543971941672853
123456789457189236698372154249635817581927643736841592372514968865793421914268375
123456789456789132789213456214698573567321894938547261395174628642835917871962345
123456789457189236689372451231795864746238195895641327318564972572913648964827513
123456789457189236689732154294865317378921465516374928765243891831697542942518673
123456789457189263698372415231768954749521638865943172384217596576894321912635847
123456789457189263869237415274568391536971842981342576312894657698725134745613928
123456789457189263698237451249368517385721946761594328512673894836942175974815632
123456789457189263869237415274568391536971842981342576312894657698725134745613928
123456789457189236869237145286741593735698412914523678342875961591364827678912354
123456789457189236689327451245913867371864592968275143514692378792538614836741925
123456789456789132789213456245697813618532974937841265362174598574968321891325647
123456789457189236698372415234897651716543928985261347362718594571924863849635172
123456789456789123798231645241395876679824531835167492387612954514973268962548317
123456789457189236689327415234768951796215843815934672342891567571642398968573124
123456789456789123789132564278945631315627498964318275592861347637594812841273956
123456789457189236689273145275834961314692578896715324561347892748921653932568417
123456789456789132789231546297614358631528974845397621362145897578962413914873265
123456789457189236689372451218537964364918572795264318532691847841723695976845123
123456789456789123789123564214597836398641275567832491675318942842965317931274658
123456789457189236689327415265714893348692157791538624534261978816973542972845361
123456789457189236689273541246918375738562914915734862394627158572841693861395427
123456789457189236698237145215768394374591628869324517582643971746912853931875462
123456789457189236689327451276518943395274618841963527568741392732895164914632875
123456789456789123789132564237594618691278345845361297318925476564817932972643851
123456789457189236689273145218945367364721598795368412531692874846537921972814653
123456789457189236689327451245913867371864592968275143514692378792538614836741925
123456789456789132789213456245697813618532974937841265362174598574968321891325647
123456789456789132789213456237148965598627341614935278372861594845392617961574823
123456789457189236689372415265943871748615392931728654374291568516834927892567143
123456789457189236689372415275643891348915627916728354561234978734891562892567143
123456789457189236689372415236748951745931628891625347314597862572863194968214573
123456789457189236689372415245691873736824591891537642318245967574963128962718354
123456789456789123798231564217365498539148276684927315341692857862573941975814632
123456789456789132789231564238165947571948326694372851342817695815694273967523418
123456789456789132789231564238165947571948326694372851342817695815694273967523418
123456789457189236968327154249561873576938412831742695314275968695814327782693541
123456789457189236968327154249561873576938412831742695314275968695814327782693541
123456789457189236968327154249561873576938412831742695314275968695814327782693541
123456789456789123789132564275361498341895276968247315597613842614528937832974651
123456789456789123789132564275361498341895276968247315597613842614528937832974651
123456789457189236698327145285973614764512893931864527376291458542738961819645372
123456789456789132789132564217345896365891427894627351532974618678213945941568273
123456789456789123789132564215397846647821935938645271394218657572964318861573492
123456789457189236698273514264918357831765492975324168316842975549637821782591643
123456789456789123789123564238641975517938642964275318375812496642397851891564237
123456789456789132789213456237641598564398217891527643342865971618974325975132864
123456789457189236869372145241537968398621457576948321615294873732815694984763512
123456789457189236689273415231594678875621394946837521398765142512348967764912853
123456789457189236689273415231594678796831524845627391378965142512748963964312857
123456789457189236869372415218735964695241378734968152381524697572693841946817523
123456789457189236968327154249561873576938412831742695314275968695814327782693541
123456789457189236968327154249561873576938412831742695314275968695814327782693541
123456789457189236968327154249561873576938412831742695314275968695814327782693541
123456789456789132789213645297834561534167928861925374372541896618392457945678213
123456789457189236968327154249561873576938412831742695314275968695814327782693541
123456789457189236689723145274698351316275894895314672561847923742931568938562417
123456789457189236689372415218563974364297158975841362536914827741628593892735641
123456789456789132789231546218547693645893271937612854371928465562374918894165327
123456789456789123798132546217568934385914672964273851579341268631827495842695317
123456789457189236869273154298634517374518692615792348541827963736941825982365471
123456789457189236896732154268915347735624918914873625349561872572398461681247593
123456789457189236698237541271594863865312497934678125349725618586941372712863954
123456789456789132789213645264138597391527864578964213612395478837642951945871326
123456789457189236869273415286517394345892671971634528592768143634921857718345962
123456789456789132789123546214395678675812394938647215342961857591278463867534921
123456789457189236896723154239864571514972368768531942341697825682315497975248613
123456789457189236689372415291765348346918572578234961732691854864523197915847623
123456789456789123798231564231547698587963412964812375372694851645128937819375246
123456789457189236869273154291567348386914527745832961512748693674395812938621475
123456789457189236689237451234718695715692348896345127378521964541963872962874513
123456789457189236689372415238965174594721368716843952361594827845217693972638541
123456789457189236689273415238965147516347928794821563361594872875612394942738651
123456789456789123789132564278945631315627498964318275592861347637594812841273956
123456789457189263689273451231795648746832195895641327378564912514927836962318574
123456789457189236689273415231564897765918342894732561376895124548621973912347658
123456789457189236689237514241763958536892147978514362394625871712348695865971423
123456789456789123798213564237548691519362847864197352342875916675921438981634275
123456789456789123798213564237548691519362847864197352342875916675921438981634275
123456789457189236689327415275831964836974152941265378318692547562743891794518623
123456789456789123798132546234615897861397452975824361319248675587963214642571938
123456789456789132789213456217598364635174298948632571374961825592847613861325947
123456789456789132789213456217594368635178294948632571374961825592847613861325947
123456789457189236689273415231564897765918342894732561376895124548621973912347658
123456789457189236689732514271895643835624971946317825392571468568243197714968352
123456789457189236698273415264718953719534628835692174382941567541367892976825341
123456789457189236689372415234615978578943621916728354345291867761834592892567143
123456789457189236689372415231594867875621394946837521398765142564218973712943658
123456789457189236689372415231594678746831592895627341378965124512748963964213857
123456789457189236689372415231564978846937521975821364364298157598713642712645893
123456789457189236689372415231967854594823671768514923376295148842631597915748362
123456789456789123798213564237548691519362847864197352342875916675921438981634275
123456789457189263689372451264837195371945628598621374732594816815763942946218537
123456789457189236869273415216897354594632178738514692382745961671928543945361827
123456789457189236968327154249561873576938412831742695314275968695814327782693541
123456789456789132789213456271635948538947621694821573347192865815364297962578314
123456789456789231789132546234968157615247893897513624362874915548691372971325468
123456789456789132789213456247591863365827941918634527534972618692148375871365294
123456789457189236689372415248765391365941827971238654532614978714893562896527143
123456789456789132789213654247895316561327498938641275395164827672538941814972563
123456789457189236869273514216534897784691325935827461371948652598762143642315978
123456789457189236986327154219845673578693412634271895342918567791562348865734921
123456789457189236698372415284691573365728194971543628549237861736815942812964357
123456789456789123789132465215893674378264951964571238592347816637918542841625397
123456789457189236689372415235714968748963521916825347371548692564291873892637154
123456789456789231789312456245961873638274915917835624394528167562147398871693542
123456789457189236698273145264718593531692478789534612375921864842367951916845327
123456789457189236869273514216397458738645921945821367371564892592718643684932175
123456789457189236689732154278913645316845927945627813564298371732561498891374562
123456789457189236689732154278913645316845927945627813564298371732561498891374562
123456789457189236698732145281394657539678412764521398315867924872943561946215873
123456789457189236689372415231967854594823671768514923376295148842631597915748362
123456789457189326689273541234861975596732418718945632371598264845627193962314857
123456789456789132789132546264971853837265491915843627378694215542317968691528374
123456789456789132789213456237194568648537291915628347374962815592841673861375924
123456789457189236689273415238564971576912348914837562361795824745628193892341657
129385764348627195765914823672491538483562971951738246894256317216873459537149682
123456789457189236869327154271845963384692517695731842512964378736218495948573621
123456789457189236689273154231948675795631842846725391368592417572314968914867523
123456789457189236689273541236518974748962315915734862394627158572841693861395427
123456789457189236869372154235947618698531472741628395374295861586714923912863547
123456789457189236968327154249561873576938412831742695314275968695814327782693541
123456789457189263689327514268573941345961872971248635536712498792834156814695327
123456789457189236869327154271845963384692517695731842512964378736218495948573621
123456789457189236869372154235947618698531472741628395374295861586714923912863547
123456789457189236689273154296348571345761892871925643534617928762894315918532467
123456789457189236689273154234915678568724391791638542346592817872341965915867423
123456789457189236869327154271845963384692517695731842512964378736218495948573621
123456789457189236869327154271845963384692517695731842512964378736218495948573621
123456789457189236698327415265831974734962158819574362342615897571298643986743521
123456789457189263689237415241578396795613824836924571312895647568741932974362158
123456789457189263689237415241578396795613824836924571312895647568741932974362158
123456789457189263689237415241578396795613824836924571312895647568741932974362158
123456789456789123798231564234578691589164237617923845365897412871342956942615378
123456789457189236698327541246875193389214675571693428732568914815942367964731852
123456789457189236698327541246875193389214675571693428732568914815942367964731852
123456789457189236869273154248561973631927845975348621312794568596832417784615392
123456789456789231798213645214937856637528194985164372341675928572891463869342517
123456789457189236869327154271845963384692517695731842512964378736218495948573621
123456789456789132879231564231864975568927341947513826384695217692178453715342698
123456789456789123789132546214673958395821467867945312572318694641297835938564271
123456789457189236689723154298317465314568972576294813735941628841632597962875341
123456789457189236689327451294731568315648972876592314538264197762915843941873625
123456789457189263689237514271598436568314972934672851312745698796821345845963127
123456789456789132789132564215973648394618257867524391538241976672895413941367825
123456789456789132789213645247631958398574216615928374561897423834162597972345861
123496785457281936968357142249165873576938421831742659314579268695824317782613594
523916784417285936968347125245169873839754612176832459394571268651428397782693541
123496785457281936968357142249165873576938421831742659314579268695824317782613594
123956784457281936968437125241569873579348612836712459394175268615824397782693541
123496785457281936968357142249165873576938421831742659314579268695824317782613594
123496785457281936968357142249165873576938421831742659314579268695824317782613594
913642785427581936568793142149265873875934621236817459354179268692458317781326594
123456789457189236968327154249561873576938412831742695314275968695814327782693541
123496785457281936968357142249165873576938421831742659314579268695824317782613594
193642785427185936568793142945261873836957421271834659314579268659428317782316594
453196782127845936968732145549281673836957421271364859314579268695428317782613594
123456789457189236968327154249561873576938412831742695314275968695814327782693541
123694785457281936968753124249165873831947652576832491314579268695428317782316549
123456789457189236968327154249561873576938412831742695314275968695814327782693541
128465379374219856956837142765198423249673581813542967592386714487921635631754298
123456789457189236689327541214963875368275914795841362531794628876512493942638157
123456789456789123798132546275813964634927815981645372347298651562371498819564237
123456789456789123789132546261394875375821964894567231518243697637918452942675318
123456789456789132789213645245691873397824516618375924531948267874562391962137458
123456789457189236689273451246731895735968142891542673378625914512894367964317528
123456789456789123798213564264197835531824697987635412379568241642971358815342976
123456789456789132789132546218674953634598271975213468392847615567321894841965327
123456789456789132789132546218674953634598271975213468392847615567321894841965327
128396754495271638376845921689124375714539862253768419862457193547913286931682547
543681972629753841781924365912867534367542189458319726894176253235498617176235498
